<?xml version="1.0" encoding="UTF-8"?>
<!-- Generated by org.testng.reporters.JUnitXMLReporter -->
<testsuite hostname="DESKTOP-SF1BCL8" failures="0" tests="1" name="POM" time="10.022" errors="0" timestamp="17 Apr 2022 12:48:03 GMT">
  <testcase classname="testPlan.TestCase1" name="@AfterMethod tearDown" time="0.0">
    <failure type="org.testng.TestNGException" message="
Method tearDown requires 1 parameters but 0 were supplied in the @Configuration annotation.">
      <![CDATA[org.testng.TestNGException: 
Method tearDown requires 1 parameters but 0 were supplied in the @Configuration annotation.
... Removed 24 stack frames]]>
    </failure>
  </testcase> <!-- @AfterMethod tearDown -->
  <testcase classname="testPlan.TestCase1" name="launchBrowser" time="9.991"/>
</testsuite> <!-- POM -->
